<?xml version="1.0" encoding="UTF-8"?>
<!-- Generated by org.testng.reporters.JUnitXMLReporter -->
<testsuite ignored="0" hostname="DESKTOP-9TVOBL3" failures="0" tests="5" name="master" time="66.48" errors="0" timestamp="2025-04-03T12:34:13 CST">
  <testcase classname="testCases.TC002_SearchPage_ResultsTest" name="searchTest" time="16.509"/>
  <testcase classname="testCases.TC002_SearchPage_ResultsTest" name="searchTest" time="8.179"/>
  <testcase classname="testCases.TC002_SearchPage_ResultsTest" name="searchTest" time="9.761"/>
  <testcase classname="testCases.TC002_SearchPage_ResultsTest" name="searchTest" time="7.751"/>
  <testcase classname="testCases.TC002_SearchPage_ResultsTest" name="searchTest" time="6.728"/>
</testsuite> <!-- master -->
