<?xml version="1.0" encoding="UTF-8"?>
<testng-results ignored="0" total="5" passed="5" failed="0" skipped="0">
  <reporter-output>
  </reporter-output>
  <suite started-at="2025-04-03T12:33:06 CST" name="Suite" finished-at="2025-04-03T12:34:12 CST" duration-ms="66480">
    <groups>
    </groups>
    <test started-at="2025-04-03T12:33:06 CST" name="master" finished-at="2025-04-03T12:34:12 CST" duration-ms="66480">
      <class name="testCases.TC002_SearchPage_ResultsTest">
        <test-method is-config="true" signature="setup()[pri:0, instance:testCases.TC002_SearchPage_ResultsTest@a87f8ec]" started-at="2025-04-03T12:33:06 CST" name="setup" finished-at="2025-04-03T12:33:22 CST" duration-ms="15266" status="PASS">
          <reporter-output>
          </reporter-output>
        </test-method> <!-- setup -->
        <test-method signature="searchTest(java.lang.String,java.lang.String)[pri:1, instance:testCases.TC002_SearchPage_ResultsTest@a87f8ec]" started-at="2025-04-03T12:33:23 CST" name="searchTest" data-provider="SearchData" finished-at="2025-04-03T12:33:40 CST" duration-ms="16509" status="PASS">
          <params>
            <param index="0">
              <value>
                <![CDATA[shoes]]>
              </value>
            </param>
            <param index="1">
              <value>
                <![CDATA[Boys Bata Shoes]]>
              </value>
            </param>
          </params>
          <reporter-output>
          </reporter-output>
        </test-method> <!-- searchTest -->
        <test-method signature="searchTest(java.lang.String,java.lang.String)[pri:1, instance:testCases.TC002_SearchPage_ResultsTest@a87f8ec]" started-at="2025-04-03T12:33:40 CST" name="searchTest" data-provider="SearchData" finished-at="2025-04-03T12:33:48 CST" duration-ms="8179" status="PASS">
          <params>
            <param index="0">
              <value>
                <![CDATA[pants]]>
              </value>
            </param>
            <param index="1">
              <value>
                <![CDATA[Stripe Dad Pants]]>
              </value>
            </param>
          </params>
          <reporter-output>
          </reporter-output>
        </test-method> <!-- searchTest -->
        <test-method signature="searchTest(java.lang.String,java.lang.String)[pri:1, instance:testCases.TC002_SearchPage_ResultsTest@a87f8ec]" started-at="2025-04-03T12:33:48 CST" name="searchTest" data-provider="SearchData" finished-at="2025-04-03T12:33:58 CST" duration-ms="9761" status="PASS">
          <params>
            <param index="0">
              <value>
                <![CDATA[bags]]>
              </value>
            </param>
            <param index="1">
              <value>
                <![CDATA[Artclub and Friends Tote Bag]]>
              </value>
            </param>
          </params>
          <reporter-output>
          </reporter-output>
        </test-method> <!-- searchTest -->
        <test-method signature="searchTest(java.lang.String,java.lang.String)[pri:1, instance:testCases.TC002_SearchPage_ResultsTest@a87f8ec]" started-at="2025-04-03T12:33:58 CST" name="searchTest" data-provider="SearchData" finished-at="2025-04-03T12:34:06 CST" duration-ms="7751" status="PASS">
          <params>
            <param index="0">
              <value>
                <![CDATA[jackets]]>
              </value>
            </param>
            <param index="1">
              <value>
                <![CDATA[Leopard Print Denim Jackets]]>
              </value>
            </param>
          </params>
          <reporter-output>
          </reporter-output>
        </test-method> <!-- searchTest -->
        <test-method signature="searchTest(java.lang.String,java.lang.String)[pri:1, instance:testCases.TC002_SearchPage_ResultsTest@a87f8ec]" started-at="2025-04-03T12:34:06 CST" name="searchTest" data-provider="SearchData" finished-at="2025-04-03T12:34:12 CST" duration-ms="6728" status="PASS">
          <params>
            <param index="0">
              <value>
                <![CDATA[accessories]]>
              </value>
            </param>
            <param index="1">
              <value>
                <![CDATA[3 Pack Hair Accessories]]>
              </value>
            </param>
          </params>
          <reporter-output>
          </reporter-output>
        </test-method> <!-- searchTest -->
      </class> <!-- testCases.TC002_SearchPage_ResultsTest -->
    </test> <!-- master -->
  </suite> <!-- Suite -->
</testng-results>
